<?xml version="1.0"?>
<testsuites>
  <testsuite name="default" tests="0"/>
  <testsuite name="Generic site features and global health" tests="12" failures="0" skipped="0" errors="0" time="8.918">
    <testcase name="The homepage must load properly" time="0.976" status="passed"/>
    <testcase name="Accessing to admin menu toolbar" time="0.767" status="passed"/>
    <testcase name="The cache can be cleared" time="1.878" status="passed"/>
    <testcase name="An administrator can administer the modules" time="1.432" status="passed"/>
    <testcase name="An anonymous user can not access to admin pages" time="0.108" status="passed"/>
    <testcase name="An administrator can create users" time="0.586" status="passed"/>
    <testcase name="An administrator can create users with roles" time="0.645" status="passed"/>
    <testcase name="Run cron" time="1.31" status="passed"/>
    <testcase name="Login as a user created during this scenario" time="0.3" status="passed"/>
    <testcase name="Error messages" time="0.116" status="passed"/>
    <testcase name="drush command with text matching: drush output correct status" time="0.398" status="passed"/>
    <testcase name="drush command with arguments: re-enable system" time="0.39" status="passed"/>
  </testsuite>
</testsuites>
