<?xml version="1.0"?>
<testsuites>
  <testsuite name="default" tests="0"/>
  <testsuite name="Generic site features and global health" tests="12" failures="0" skipped="0" errors="0" time="9.408">
    <testcase name="The homepage must load properly" time="1.068" status="passed"/>
    <testcase name="Accessing to admin menu toolbar" time="0.82" status="passed"/>
    <testcase name="The cache can be cleared" time="1.944" status="passed"/>
    <testcase name="An administrator can administer the modules" time="1.521" status="passed"/>
    <testcase name="An anonymous user can not access to admin pages" time="0.141" status="passed"/>
    <testcase name="An administrator can create users" time="0.714" status="passed"/>
    <testcase name="An administrator can create users with roles" time="0.567" status="passed"/>
    <testcase name="Run cron" time="1.356" status="passed"/>
    <testcase name="Login as a user created during this scenario" time="0.359" status="passed"/>
    <testcase name="Error messages" time="0.103" status="passed"/>
    <testcase name="drush command with text matching: drush output correct status" time="0.388" status="passed"/>
    <testcase name="drush command with arguments: re-enable system" time="0.415" status="passed"/>
  </testsuite>
</testsuites>
